selenium.webdriver.remote.remote_connection : DEBUG - 2020-04-29 16:53:33,575 - POST http://localhost:46815/session {"capabilities": {"firstMatch": [{}], "alwaysMatch": {"browserName": "firefox", "acceptInsecureCerts": true, "pageLoadStrategy": "normal", "moz:firefoxOptions": {"args": ["-headless"]}}}, "desiredCapabilities": {"browserName": "firefox", "acceptInsecureCerts": true, "pageLoadStrategy": "normal", "moz:firefoxOptions": {"args": ["-headless"]}}}
urllib3.connectionpool : DEBUG - 2020-04-29 16:53:33,577 - Starting new HTTP connection (1): localhost:46815
urllib3.connectionpool : DEBUG - 2020-04-29 16:53:39,274 - http://localhost:46815 "POST /session HTTP/1.1" 200 709
selenium.webdriver.remote.remote_connection : DEBUG - 2020-04-29 16:53:39,275 - Finished Request
selenium.webdriver.remote.remote_connection : DEBUG - 2020-04-29 16:53:39,275 - POST http://localhost:46815/session/5860cb17-ff5b-4ca1-b61b-a6ac58de6516/url {"url": "https://s3.amazonaws.com/amazon-reviews-pds/tsv/index.txt"}
urllib3.connectionpool : DEBUG - 2020-04-29 16:53:40,042 - http://localhost:46815 "POST /session/5860cb17-ff5b-4ca1-b61b-a6ac58de6516/url HTTP/1.1" 200 14
selenium.webdriver.remote.remote_connection : DEBUG - 2020-04-29 16:53:40,042 - Finished Request
selenium.webdriver.remote.remote_connection : DEBUG - 2020-04-29 16:53:41,046 - GET http://localhost:46815/session/5860cb17-ff5b-4ca1-b61b-a6ac58de6516/source {}
urllib3.connectionpool : DEBUG - 2020-04-29 16:53:41,052 - http://localhost:46815 "GET /session/5860cb17-ff5b-4ca1-b61b-a6ac58de6516/source HTTP/1.1" 200 6383
selenium.webdriver.remote.remote_connection : DEBUG - 2020-04-29 16:53:41,052 - Finished Request
selenium.webdriver.remote.remote_connection : DEBUG - 2020-04-29 16:53:41,053 - POST http://localhost:46815/session/5860cb17-ff5b-4ca1-b61b-a6ac58de6516/window/minimize {}
urllib3.connectionpool : DEBUG - 2020-04-29 16:53:41,320 - http://localhost:46815 "POST /session/5860cb17-ff5b-4ca1-b61b-a6ac58de6516/window/minimize HTTP/1.1" 200 49
selenium.webdriver.remote.remote_connection : DEBUG - 2020-04-29 16:53:41,321 - Finished Request
selenium.webdriver.remote.remote_connection : DEBUG - 2020-04-29 16:53:41,321 - DELETE http://localhost:46815/session/5860cb17-ff5b-4ca1-b61b-a6ac58de6516/window {}
urllib3.connectionpool : DEBUG - 2020-04-29 16:53:43,301 - http://localhost:46815 "DELETE /session/5860cb17-ff5b-4ca1-b61b-a6ac58de6516/window HTTP/1.1" 200 12
selenium.webdriver.remote.remote_connection : DEBUG - 2020-04-29 16:53:43,301 - Finished Request
root : INFO - 2020-04-29 16:53:43,307 - url_response() function start.................
root : INFO - 2020-04-29 16:53:43,308 - url_response() function start.................
root : INFO - 2020-04-29 16:53:43,308 - url_response() function start.................
urllib3.connectionpool : DEBUG - 2020-04-29 16:53:43,317 - Starting new HTTPS connection (1): s3.amazonaws.com:443
urllib3.connectionpool : DEBUG - 2020-04-29 16:53:43,318 - Starting new HTTPS connection (1): s3.amazonaws.com:443
urllib3.connectionpool : DEBUG - 2020-04-29 16:53:43,321 - Starting new HTTPS connection (1): s3.amazonaws.com:443
urllib3.connectionpool : DEBUG - 2020-04-29 16:53:44,005 - https://s3.amazonaws.com:443 "GET /amazon-reviews-pds/tsv/amazon_reviews_us_Wireless_v1_00.tsv.gz HTTP/1.1" 200 1704713674
urllib3.connectionpool : DEBUG - 2020-04-29 16:53:44,008 - https://s3.amazonaws.com:443 "GET /amazon-reviews-pds/tsv/amazon_reviews_us_Video_Games_v1_00.tsv.gz HTTP/1.1" 200 475199894
urllib3.connectionpool : DEBUG - 2020-04-29 16:53:44,411 - https://s3.amazonaws.com:443 "GET /amazon-reviews-pds/tsv/amazon_reviews_us_Watches_v1_00.tsv.gz HTTP/1.1" 200 162973819
root : INFO - 2020-04-29 16:55:58,921 - url_response() function finished.................
root : INFO - 2020-04-29 16:58:51,072 - url_response() function finished.................
root : INFO - 2020-04-29 17:04:45,529 - url_response() function finished.................
root : INFO - 2020-04-29 17:04:45,533 - dbingest() function start.................
root : INFO - 2020-04-29 17:04:45,533 - dbingest() function start.................
root : INFO - 2020-04-29 17:04:45,533 - dbingest() function start.................
root : INFO - 2020-04-29 17:04:45,534 - dbingest() function ingest.................
root : INFO - 2020-04-29 17:04:45,538 - dbingest() function ingest.................
root : INFO - 2020-04-29 17:04:45,538 - dbingest() function ingest.................
root : INFO - 2020-04-29 17:04:45,817 - __init__() function .................
root : INFO - 2020-04-29 17:04:46,837 - __init__() function .................
root : INFO - 2020-04-29 17:04:46,916 - __init__() function .................
root : INFO - 2020-04-29 17:04:58,925 - __init__() function .................
root : INFO - 2020-04-29 17:04:59,989 - __init__() function .................
root : INFO - 2020-04-29 17:05:00,465 - __init__() function .................
root : INFO - 2020-04-29 17:05:10,901 - __init__() function .................
root : INFO - 2020-04-29 17:05:11,920 - __init__() function .................
root : INFO - 2020-04-29 17:05:12,666 - __init__() function .................
root : INFO - 2020-04-29 17:05:23,048 - __init__() function .................
root : INFO - 2020-04-29 17:05:24,135 - __init__() function .................
root : INFO - 2020-04-29 17:05:26,411 - __init__() function .................
root : INFO - 2020-04-29 17:05:38,262 - __init__() function .................
root : INFO - 2020-04-29 17:05:39,458 - __init__() function .................
root : INFO - 2020-04-29 17:05:42,188 - __init__() function .................
root : INFO - 2020-04-29 17:05:51,742 - __init__() function .................
root : INFO - 2020-04-29 17:05:52,693 - __init__() function .................
root : INFO - 2020-04-29 17:05:55,826 - __init__() function .................
root : INFO - 2020-04-29 17:06:03,766 - __init__() function .................
root : INFO - 2020-04-29 17:06:04,902 - __init__() function .................
root : INFO - 2020-04-29 17:06:08,181 - __init__() function .................
root : INFO - 2020-04-29 17:06:16,681 - __init__() function .................
root : INFO - 2020-04-29 17:06:16,854 - __init__() function .................
root : INFO - 2020-04-29 17:06:20,198 - __init__() function .................
root : INFO - 2020-04-29 17:06:28,205 - __init__() function .................
root : INFO - 2020-04-29 17:06:29,782 - __init__() function .................
root : INFO - 2020-04-29 17:06:33,315 - __init__() function .................
root : INFO - 2020-04-29 17:06:41,050 - __init__() function .................
root : INFO - 2020-04-29 17:06:42,516 - __init__() function .................
root : INFO - 2020-04-29 17:06:46,425 - __init__() function .................
root : INFO - 2020-04-29 17:06:55,229 - __init__() function .................
root : INFO - 2020-04-29 17:06:56,573 - __init__() function .................
root : INFO - 2020-04-29 17:06:58,564 - __init__() function .................
root : INFO - 2020-04-29 17:07:06,242 - __init__() function .................
root : INFO - 2020-04-29 17:07:07,947 - __init__() function .................
root : INFO - 2020-04-29 17:07:09,520 - __init__() function .................
root : INFO - 2020-04-29 17:07:17,087 - __init__() function .................
root : INFO - 2020-04-29 17:07:18,968 - __init__() function .................
root : INFO - 2020-04-29 17:07:20,220 - __init__() function .................
root : INFO - 2020-04-29 17:07:28,029 - __init__() function .................
root : INFO - 2020-04-29 17:07:29,843 - __init__() function .................
root : INFO - 2020-04-29 17:07:31,204 - __init__() function .................
root : INFO - 2020-04-29 17:07:39,148 - __init__() function .................
root : INFO - 2020-04-29 17:07:40,643 - __init__() function .................
root : INFO - 2020-04-29 17:07:42,607 - __init__() function .................
root : INFO - 2020-04-29 17:07:53,131 - __init__() function .................
root : INFO - 2020-04-29 17:07:55,389 - __init__() function .................
root : INFO - 2020-04-29 17:07:57,455 - __init__() function .................
